This is pdfeTeXk, Version 3.141592-1.21a-2.2 (Web2C 7.5.4) (format=pdflatex 2006.11.22)  20 FEB 2007 23:16
entering extended mode
 file:line:error style messages enabled.
**\nonstopmode \input /sfs/.linuxmnt/@wiener.math.csi.cuny.edu%4,yb25bvied72szf
4dexbyfefnzc6i9ev8/r/home/verzani/export/Statistics/R/pmg/pmg3/projects/build/p
mg/inst/doc/pmg.tex
! Emergency stop.
<*> ...mg/pmg3/projects/build/pmg/inst/doc/pmg.tex
                                                  
*** (job aborted, no legal \end found)

 
Here is how much of TeX's memory you used:
 2 strings out of 94500
 126 string characters out of 1175787
 48348 words of memory out of 1000000
 3273 multiletter control sequences out of 10000+50000
 3640 words of font info for 14 fonts, out of 500000 for 2000
 580 hyphenation exceptions out of 8191
 4i,0n,3p,1b,8s stack positions out of 1500i,500n,5000p,200000b,5000s
PDF statistics:
 0 PDF objects out of 300000
 0 named destinations out of 131072
 1 words of extra memory for PDF output out of 65536
No pages of output.
